<?xml version="1.0" encoding="UTF-8"?>
<testsuite xmlns:xsi="http://www.w3.org/2001/XMLSchema-instance" xsi:noNamespaceSchemaLocation="https://maven.apache.org/surefire/maven-surefire-plugin/xsd/surefire-test-report-3.0.xsd" version="3.0" name="com.llk.rest.PersonRestTest" time="0.971" tests="4" errors="0" skipped="0" failures="0">
  <properties>
[...]
</properties>
  <testcase name="testGet" classname="com.llk.rest.PersonRestTest" time="0.91"/>
  <testcase name="testCreate" classname="com.llk.rest.PersonRestTest" time="0.015">
    <system-out><![CDATA[Send create thanh cong...
]]></system-out>
  </testcase>
  <testcase name="testDelete" classname="com.llk.rest.PersonRestTest" time="0.004">
    <system-out><![CDATA[Send delete thanh cong...
]]></system-out>
  </testcase>
  <testcase name="testUpdate" classname="com.llk.rest.PersonRestTest" time="0.004">
    <system-out><![CDATA[Send update thanh cong...
]]></system-out>
  </testcase>
</testsuite>